<?xml version="1.0" encoding="UTF-8"?><testsuite errors="1" failures="0" name="Academy Choucair" skipped="0" tests="1" time="73.56" timestamp="2021-08-09 05:26:59"><testcase name="Search for a automation course"><error type="java.lang.NullPointerException"/><system-err>null&#13;
co.com.choucair.certification.proyectobase.tasks.Search.the(Search.java:25)&#13;
co.com.choucair.certification.proyectobase.stepdefinitions.ChoucairAcademyStepDefinitions.sheSearchForTheCourseOnTheChoucairAcademyPlatform(ChoucairAcademyStepDefinitions.java:71)&#13;
✽.she search  for  the course on the  Choucair Academy  platform(src/test/resources/features/academyChoucair.feature:17)&#13;
</system-err></testcase></testsuite>